<?xml version="1.0" encoding="UTF-8"?>
<!-- Generated by org.testng.reporters.JUnitReportReporter -->
<testsuite hostname="TYSS-Mohammed-Riza-Washiq" failures="0" tests="3" name="test_NG.A" time="0.009" errors="0" timestamp="2024-10-27T14:44:55 IST" skipped="0">
  <testcase classname="test_NG.A" name="test3" time="0.008"/>
  <testcase classname="test_NG.A" name="test2" time="0.001"/>
  <testcase classname="test_NG.A" name="test1" time="0.000"/>
</testsuite> <!-- test_NG.A -->
