<?xml version="1.0" encoding="UTF-8"?>
<!-- Generated by org.testng.reporters.JUnitReportReporter -->
<testsuite hostname="TYSS-Mohammed-Riza-Washiq" failures="0" tests="6" name="test_NG.InvocationCount" time="0.015" errors="0" timestamp="2024-10-27T14:55:17 IST" skipped="0">
  <testcase classname="test_NG.InvocationCount" name="test3" time="0.001"/>
  <testcase classname="test_NG.InvocationCount" name="test3" time="0.001"/>
  <testcase classname="test_NG.InvocationCount" name="test2" time="0.000"/>
  <testcase classname="test_NG.InvocationCount" name="test3" time="0.002"/>
  <testcase classname="test_NG.InvocationCount" name="test1" time="0.010"/>
  <testcase classname="test_NG.InvocationCount" name="test2" time="0.001"/>
</testsuite> <!-- test_NG.InvocationCount -->
