<?xml version="1.0" encoding="UTF-8"?>
<!-- Generated by org.testng.reporters.JUnitReportReporter -->
<testsuite hostname="TYSS-Mohammed-Riza-Washiq" failures="0" tests="3" name="test_NG.DependsOn" time="0.010" errors="0" timestamp="2024-10-27T14:51:48 IST" skipped="0">
  <testcase classname="test_NG.DependsOn" name="test6" time="0.008"/>
  <testcase classname="test_NG.DependsOn" name="test5" time="0.001"/>
  <testcase classname="test_NG.DependsOn" name="test4" time="0.001"/>
</testsuite> <!-- test_NG.DependsOn -->
