<?xml version="1.0" encoding="UTF-8"?>
<!-- Generated by org.testng.reporters.JUnitReportReporter -->
<testsuite hostname="TYSS-Mohammed-Riza-Washiq" failures="0" tests="1" name="datadriventesting.XMLRunTest" time="0.018" errors="0" timestamp="2024-10-24T12:23:43 IST" skipped="0">
  <testcase classname="datadriventesting.XMLRunTest" name="demo" time="0.018"/>
</testsuite> <!-- datadriventesting.XMLRunTest -->
