<?xml version="1.0" encoding="UTF-8"?>
<!-- Generated by org.testng.reporters.JUnitReportReporter -->
<testsuite hostname="TYSS-Mohammed-Riza-Washiq" failures="0" tests="3" name="test_NG.B" time="0.012" errors="0" timestamp="2024-10-27T14:44:48 IST" skipped="0">
  <testcase classname="test_NG.B" name="test6" time="0.002"/>
  <testcase classname="test_NG.B" name="test4" time="0.008"/>
  <testcase classname="test_NG.B" name="test5" time="0.002"/>
</testsuite> <!-- test_NG.B -->
