<?xml version="1.0" encoding="UTF-8"?>
<!-- Generated by org.testng.reporters.JUnitReportReporter -->
<testsuite hostname="TYSS-Mohammed-Riza-Washiq" failures="0" tests="2" name="test_NG.Annotationss" time="0.009" errors="0" timestamp="2024-10-28T14:58:31 IST" skipped="0">
  <testcase classname="test_NG.Annotationss" name="test1" time="0.007"/>
  <system-out>
    <![CDATA[test1 started execution
test1 ended execution]]>
  </system-out>
  <testcase classname="test_NG.Annotationss" name="test2" time="0.002"/>
  <system-out>
    <![CDATA[test2 started execution
test2 ended execution]]>
  </system-out>
</testsuite> <!-- test_NG.Annotationss -->
