<?xml version="1.0" encoding="UTF-8"?>
<!-- Generated by org.testng.reporters.JUnitReportReporter -->
<testsuite hostname="TYSS-Mohammed-Riza-Washiq" failures="0" tests="1" name="testing.orgnisation_with_full" time="22.484" errors="0" timestamp="2024-10-28T17:41:15 IST" skipped="0">
  <testcase classname="testing.orgnisation_with_full" name="orgfull" time="22.484"/>
  <system-out>
    <![CDATA[orgfull started execution
Organisation page opened
Organisation creation page
Organisation created
orgfull ended execution]]>
  </system-out>
</testsuite> <!-- testing.orgnisation_with_full -->
